<?xml version="1.0" encoding="UTF-8"?>
<testsuite xmlns:xsi="http://www.w3.org/2001/XMLSchema-instance" xsi:noNamespaceSchemaLocation="https://maven.apache.org/surefire/maven-surefire-plugin/xsd/surefire-test-report.xsd" name="TestSuite" time="6.049" tests="17" errors="0" skipped="0" failures="17">
  <properties>
[...]
</properties>
  <testcase name="allFuel on allFuel(br.com.fesa.rotadagasosa.FuelServiceTests)" classname="br.com.fesa.rotadagasosa.FuelServiceTests" time="3.001">
    <failure message="&#10;Cannot instantiate @InjectMocks field named &apos;fuelService&apos;! Cause: the type &apos;FuelService&apos; is an interface.&#10;You haven&apos;t provided the instance at field declaration so I tried to construct the instance.&#10;Examples of correct usage of @InjectMocks:&#10;   @InjectMocks Service service = new Service();&#10;   @InjectMocks Service service;&#10;   //and... don&apos;t forget about some @Mocks for injection :)&#10;" type="org.mockito.exceptions.base.MockitoException">org.mockito.exceptions.base.MockitoException: 

Cannot instantiate @InjectMocks field named 'fuelService'! Cause: the type 'FuelService' is an interface.
You haven't provided the instance at field declaration so I tried to construct the instance.
Examples of correct usage of @InjectMocks:
   @InjectMocks Service service = new Service();
   @InjectMocks Service service;
   //and... don't forget about some @Mocks for injection :)

</failure>
  </testcase>
  <testcase name="errorEditFuel on errorEditFuel(br.com.fesa.rotadagasosa.FuelServiceTests)" classname="br.com.fesa.rotadagasosa.FuelServiceTests" time="0.003">
    <failure message="&#10;Cannot instantiate @InjectMocks field named &apos;fuelService&apos;! Cause: the type &apos;FuelService&apos; is an interface.&#10;You haven&apos;t provided the instance at field declaration so I tried to construct the instance.&#10;Examples of correct usage of @InjectMocks:&#10;   @InjectMocks Service service = new Service();&#10;   @InjectMocks Service service;&#10;   //and... don&apos;t forget about some @Mocks for injection :)&#10;" type="org.mockito.exceptions.base.MockitoException">org.mockito.exceptions.base.MockitoException: 

Cannot instantiate @InjectMocks field named 'fuelService'! Cause: the type 'FuelService' is an interface.
You haven't provided the instance at field declaration so I tried to construct the instance.
Examples of correct usage of @InjectMocks:
   @InjectMocks Service service = new Service();
   @InjectMocks Service service;
   //and... don't forget about some @Mocks for injection :)

</failure>
  </testcase>
  <testcase name="successEditFuel on successEditFuel(br.com.fesa.rotadagasosa.FuelServiceTests)" classname="br.com.fesa.rotadagasosa.FuelServiceTests" time="0.003">
    <failure message="&#10;Cannot instantiate @InjectMocks field named &apos;fuelService&apos;! Cause: the type &apos;FuelService&apos; is an interface.&#10;You haven&apos;t provided the instance at field declaration so I tried to construct the instance.&#10;Examples of correct usage of @InjectMocks:&#10;   @InjectMocks Service service = new Service();&#10;   @InjectMocks Service service;&#10;   //and... don&apos;t forget about some @Mocks for injection :)&#10;" type="org.mockito.exceptions.base.MockitoException">org.mockito.exceptions.base.MockitoException: 

Cannot instantiate @InjectMocks field named 'fuelService'! Cause: the type 'FuelService' is an interface.
You haven't provided the instance at field declaration so I tried to construct the instance.
Examples of correct usage of @InjectMocks:
   @InjectMocks Service service = new Service();
   @InjectMocks Service service;
   //and... don't forget about some @Mocks for injection :)

</failure>
  </testcase>
  <testcase name="errorSaveFuel on errorSaveFuel(br.com.fesa.rotadagasosa.FuelServiceTests)" classname="br.com.fesa.rotadagasosa.FuelServiceTests" time="0">
    <failure message="&#10;Cannot instantiate @InjectMocks field named &apos;fuelService&apos;! Cause: the type &apos;FuelService&apos; is an interface.&#10;You haven&apos;t provided the instance at field declaration so I tried to construct the instance.&#10;Examples of correct usage of @InjectMocks:&#10;   @InjectMocks Service service = new Service();&#10;   @InjectMocks Service service;&#10;   //and... don&apos;t forget about some @Mocks for injection :)&#10;" type="org.mockito.exceptions.base.MockitoException">org.mockito.exceptions.base.MockitoException: 

Cannot instantiate @InjectMocks field named 'fuelService'! Cause: the type 'FuelService' is an interface.
You haven't provided the instance at field declaration so I tried to construct the instance.
Examples of correct usage of @InjectMocks:
   @InjectMocks Service service = new Service();
   @InjectMocks Service service;
   //and... don't forget about some @Mocks for injection :)

</failure>
  </testcase>
  <testcase name="successSaveFuel on successSaveFuel(br.com.fesa.rotadagasosa.FuelServiceTests)" classname="br.com.fesa.rotadagasosa.FuelServiceTests" time="0.003">
    <failure message="&#10;Cannot instantiate @InjectMocks field named &apos;fuelService&apos;! Cause: the type &apos;FuelService&apos; is an interface.&#10;You haven&apos;t provided the instance at field declaration so I tried to construct the instance.&#10;Examples of correct usage of @InjectMocks:&#10;   @InjectMocks Service service = new Service();&#10;   @InjectMocks Service service;&#10;   //and... don&apos;t forget about some @Mocks for injection :)&#10;" type="org.mockito.exceptions.base.MockitoException">org.mockito.exceptions.base.MockitoException: 

Cannot instantiate @InjectMocks field named 'fuelService'! Cause: the type 'FuelService' is an interface.
You haven't provided the instance at field declaration so I tried to construct the instance.
Examples of correct usage of @InjectMocks:
   @InjectMocks Service service = new Service();
   @InjectMocks Service service;
   //and... don't forget about some @Mocks for injection :)

</failure>
  </testcase>
  <testcase name="allFlag on allFlag(br.com.fesa.rotadagasosa.FlagServiceTests)" classname="br.com.fesa.rotadagasosa.FlagServiceTests" time="0.127">
    <failure message="&#10;Cannot instantiate @InjectMocks field named &apos;flagService&apos;! Cause: the type &apos;FlagService&apos; is an interface.&#10;You haven&apos;t provided the instance at field declaration so I tried to construct the instance.&#10;Examples of correct usage of @InjectMocks:&#10;   @InjectMocks Service service = new Service();&#10;   @InjectMocks Service service;&#10;   //and... don&apos;t forget about some @Mocks for injection :)&#10;" type="org.mockito.exceptions.base.MockitoException">org.mockito.exceptions.base.MockitoException: 

Cannot instantiate @InjectMocks field named 'flagService'! Cause: the type 'FlagService' is an interface.
You haven't provided the instance at field declaration so I tried to construct the instance.
Examples of correct usage of @InjectMocks:
   @InjectMocks Service service = new Service();
   @InjectMocks Service service;
   //and... don't forget about some @Mocks for injection :)

</failure>
  </testcase>
  <testcase name="errorEditFlag on errorEditFlag(br.com.fesa.rotadagasosa.FlagServiceTests)" classname="br.com.fesa.rotadagasosa.FlagServiceTests" time="0">
    <failure message="&#10;Cannot instantiate @InjectMocks field named &apos;flagService&apos;! Cause: the type &apos;FlagService&apos; is an interface.&#10;You haven&apos;t provided the instance at field declaration so I tried to construct the instance.&#10;Examples of correct usage of @InjectMocks:&#10;   @InjectMocks Service service = new Service();&#10;   @InjectMocks Service service;&#10;   //and... don&apos;t forget about some @Mocks for injection :)&#10;" type="org.mockito.exceptions.base.MockitoException">org.mockito.exceptions.base.MockitoException: 

Cannot instantiate @InjectMocks field named 'flagService'! Cause: the type 'FlagService' is an interface.
You haven't provided the instance at field declaration so I tried to construct the instance.
Examples of correct usage of @InjectMocks:
   @InjectMocks Service service = new Service();
   @InjectMocks Service service;
   //and... don't forget about some @Mocks for injection :)

</failure>
  </testcase>
  <testcase name="successEditFlag on successEditFlag(br.com.fesa.rotadagasosa.FlagServiceTests)" classname="br.com.fesa.rotadagasosa.FlagServiceTests" time="0.002">
    <failure message="&#10;Cannot instantiate @InjectMocks field named &apos;flagService&apos;! Cause: the type &apos;FlagService&apos; is an interface.&#10;You haven&apos;t provided the instance at field declaration so I tried to construct the instance.&#10;Examples of correct usage of @InjectMocks:&#10;   @InjectMocks Service service = new Service();&#10;   @InjectMocks Service service;&#10;   //and... don&apos;t forget about some @Mocks for injection :)&#10;" type="org.mockito.exceptions.base.MockitoException">org.mockito.exceptions.base.MockitoException: 

Cannot instantiate @InjectMocks field named 'flagService'! Cause: the type 'FlagService' is an interface.
You haven't provided the instance at field declaration so I tried to construct the instance.
Examples of correct usage of @InjectMocks:
   @InjectMocks Service service = new Service();
   @InjectMocks Service service;
   //and... don't forget about some @Mocks for injection :)

</failure>
  </testcase>
  <testcase name="errorSaveFlag on errorSaveFlag(br.com.fesa.rotadagasosa.FlagServiceTests)" classname="br.com.fesa.rotadagasosa.FlagServiceTests" time="0.002">
    <failure message="&#10;Cannot instantiate @InjectMocks field named &apos;flagService&apos;! Cause: the type &apos;FlagService&apos; is an interface.&#10;You haven&apos;t provided the instance at field declaration so I tried to construct the instance.&#10;Examples of correct usage of @InjectMocks:&#10;   @InjectMocks Service service = new Service();&#10;   @InjectMocks Service service;&#10;   //and... don&apos;t forget about some @Mocks for injection :)&#10;" type="org.mockito.exceptions.base.MockitoException">org.mockito.exceptions.base.MockitoException: 

Cannot instantiate @InjectMocks field named 'flagService'! Cause: the type 'FlagService' is an interface.
You haven't provided the instance at field declaration so I tried to construct the instance.
Examples of correct usage of @InjectMocks:
   @InjectMocks Service service = new Service();
   @InjectMocks Service service;
   //and... don't forget about some @Mocks for injection :)

</failure>
  </testcase>
  <testcase name="successSaveFlag on successSaveFlag(br.com.fesa.rotadagasosa.FlagServiceTests)" classname="br.com.fesa.rotadagasosa.FlagServiceTests" time="0.045">
    <failure message="&#10;Cannot instantiate @InjectMocks field named &apos;flagService&apos;! Cause: the type &apos;FlagService&apos; is an interface.&#10;You haven&apos;t provided the instance at field declaration so I tried to construct the instance.&#10;Examples of correct usage of @InjectMocks:&#10;   @InjectMocks Service service = new Service();&#10;   @InjectMocks Service service;&#10;   //and... don&apos;t forget about some @Mocks for injection :)&#10;" type="org.mockito.exceptions.base.MockitoException">org.mockito.exceptions.base.MockitoException: 

Cannot instantiate @InjectMocks field named 'flagService'! Cause: the type 'FlagService' is an interface.
You haven't provided the instance at field declaration so I tried to construct the instance.
Examples of correct usage of @InjectMocks:
   @InjectMocks Service service = new Service();
   @InjectMocks Service service;
   //and... don't forget about some @Mocks for injection :)

</failure>
  </testcase>
  <testcase name="errorAuthentication on errorAuthentication(br.com.fesa.rotadagasosa.LoginServiceTests)" classname="br.com.fesa.rotadagasosa.LoginServiceTests" time="0.246">
    <failure message="&#10;Cannot instantiate @InjectMocks field named &apos;administratorService&apos;! Cause: the type &apos;AdministratorService&apos; is an interface.&#10;You haven&apos;t provided the instance at field declaration so I tried to construct the instance.&#10;Examples of correct usage of @InjectMocks:&#10;   @InjectMocks Service service = new Service();&#10;   @InjectMocks Service service;&#10;   //and... don&apos;t forget about some @Mocks for injection :)&#10;" type="org.mockito.exceptions.base.MockitoException">org.mockito.exceptions.base.MockitoException: 

Cannot instantiate @InjectMocks field named 'administratorService'! Cause: the type 'AdministratorService' is an interface.
You haven't provided the instance at field declaration so I tried to construct the instance.
Examples of correct usage of @InjectMocks:
   @InjectMocks Service service = new Service();
   @InjectMocks Service service;
   //and... don't forget about some @Mocks for injection :)

</failure>
  </testcase>
  <testcase name="sucessAuthentication on sucessAuthentication(br.com.fesa.rotadagasosa.LoginServiceTests)" classname="br.com.fesa.rotadagasosa.LoginServiceTests" time="0.003">
    <failure message="&#10;Cannot instantiate @InjectMocks field named &apos;administratorService&apos;! Cause: the type &apos;AdministratorService&apos; is an interface.&#10;You haven&apos;t provided the instance at field declaration so I tried to construct the instance.&#10;Examples of correct usage of @InjectMocks:&#10;   @InjectMocks Service service = new Service();&#10;   @InjectMocks Service service;&#10;   //and... don&apos;t forget about some @Mocks for injection :)&#10;" type="org.mockito.exceptions.base.MockitoException">org.mockito.exceptions.base.MockitoException: 

Cannot instantiate @InjectMocks field named 'administratorService'! Cause: the type 'AdministratorService' is an interface.
You haven't provided the instance at field declaration so I tried to construct the instance.
Examples of correct usage of @InjectMocks:
   @InjectMocks Service service = new Service();
   @InjectMocks Service service;
   //and... don't forget about some @Mocks for injection :)

</failure>
  </testcase>
  <testcase name="errorEditService on errorEditService(br.com.fesa.rotadagasosa.ServiceServiceTests)" classname="br.com.fesa.rotadagasosa.ServiceServiceTests" time="0.108">
    <failure message="&#10;Cannot instantiate @InjectMocks field named &apos;serviceService&apos;! Cause: the type &apos;ServiceService&apos; is an interface.&#10;You haven&apos;t provided the instance at field declaration so I tried to construct the instance.&#10;Examples of correct usage of @InjectMocks:&#10;   @InjectMocks Service service = new Service();&#10;   @InjectMocks Service service;&#10;   //and... don&apos;t forget about some @Mocks for injection :)&#10;" type="org.mockito.exceptions.base.MockitoException">org.mockito.exceptions.base.MockitoException: 

Cannot instantiate @InjectMocks field named 'serviceService'! Cause: the type 'ServiceService' is an interface.
You haven't provided the instance at field declaration so I tried to construct the instance.
Examples of correct usage of @InjectMocks:
   @InjectMocks Service service = new Service();
   @InjectMocks Service service;
   //and... don't forget about some @Mocks for injection :)

</failure>
  </testcase>
  <testcase name="allFlag on allFlag(br.com.fesa.rotadagasosa.ServiceServiceTests)" classname="br.com.fesa.rotadagasosa.ServiceServiceTests" time="0.002">
    <failure message="&#10;Cannot instantiate @InjectMocks field named &apos;serviceService&apos;! Cause: the type &apos;ServiceService&apos; is an interface.&#10;You haven&apos;t provided the instance at field declaration so I tried to construct the instance.&#10;Examples of correct usage of @InjectMocks:&#10;   @InjectMocks Service service = new Service();&#10;   @InjectMocks Service service;&#10;   //and... don&apos;t forget about some @Mocks for injection :)&#10;" type="org.mockito.exceptions.base.MockitoException">org.mockito.exceptions.base.MockitoException: 

Cannot instantiate @InjectMocks field named 'serviceService'! Cause: the type 'ServiceService' is an interface.
You haven't provided the instance at field declaration so I tried to construct the instance.
Examples of correct usage of @InjectMocks:
   @InjectMocks Service service = new Service();
   @InjectMocks Service service;
   //and... don't forget about some @Mocks for injection :)

</failure>
  </testcase>
  <testcase name="successSaveService on successSaveService(br.com.fesa.rotadagasosa.ServiceServiceTests)" classname="br.com.fesa.rotadagasosa.ServiceServiceTests" time="0">
    <failure message="&#10;Cannot instantiate @InjectMocks field named &apos;serviceService&apos;! Cause: the type &apos;ServiceService&apos; is an interface.&#10;You haven&apos;t provided the instance at field declaration so I tried to construct the instance.&#10;Examples of correct usage of @InjectMocks:&#10;   @InjectMocks Service service = new Service();&#10;   @InjectMocks Service service;&#10;   //and... don&apos;t forget about some @Mocks for injection :)&#10;" type="org.mockito.exceptions.base.MockitoException">org.mockito.exceptions.base.MockitoException: 

Cannot instantiate @InjectMocks field named 'serviceService'! Cause: the type 'ServiceService' is an interface.
You haven't provided the instance at field declaration so I tried to construct the instance.
Examples of correct usage of @InjectMocks:
   @InjectMocks Service service = new Service();
   @InjectMocks Service service;
   //and... don't forget about some @Mocks for injection :)

</failure>
  </testcase>
  <testcase name="successEditService on successEditService(br.com.fesa.rotadagasosa.ServiceServiceTests)" classname="br.com.fesa.rotadagasosa.ServiceServiceTests" time="0">
    <failure message="&#10;Cannot instantiate @InjectMocks field named &apos;serviceService&apos;! Cause: the type &apos;ServiceService&apos; is an interface.&#10;You haven&apos;t provided the instance at field declaration so I tried to construct the instance.&#10;Examples of correct usage of @InjectMocks:&#10;   @InjectMocks Service service = new Service();&#10;   @InjectMocks Service service;&#10;   //and... don&apos;t forget about some @Mocks for injection :)&#10;" type="org.mockito.exceptions.base.MockitoException">org.mockito.exceptions.base.MockitoException: 

Cannot instantiate @InjectMocks field named 'serviceService'! Cause: the type 'ServiceService' is an interface.
You haven't provided the instance at field declaration so I tried to construct the instance.
Examples of correct usage of @InjectMocks:
   @InjectMocks Service service = new Service();
   @InjectMocks Service service;
   //and... don't forget about some @Mocks for injection :)

</failure>
  </testcase>
  <testcase name="errorSaveService on errorSaveService(br.com.fesa.rotadagasosa.ServiceServiceTests)" classname="br.com.fesa.rotadagasosa.ServiceServiceTests" time="0.003">
    <failure message="&#10;Cannot instantiate @InjectMocks field named &apos;serviceService&apos;! Cause: the type &apos;ServiceService&apos; is an interface.&#10;You haven&apos;t provided the instance at field declaration so I tried to construct the instance.&#10;Examples of correct usage of @InjectMocks:&#10;   @InjectMocks Service service = new Service();&#10;   @InjectMocks Service service;&#10;   //and... don&apos;t forget about some @Mocks for injection :)&#10;" type="org.mockito.exceptions.base.MockitoException">org.mockito.exceptions.base.MockitoException: 

Cannot instantiate @InjectMocks field named 'serviceService'! Cause: the type 'ServiceService' is an interface.
You haven't provided the instance at field declaration so I tried to construct the instance.
Examples of correct usage of @InjectMocks:
   @InjectMocks Service service = new Service();
   @InjectMocks Service service;
   //and... don't forget about some @Mocks for injection :)

</failure>
  </testcase>
</testsuite>